{"/Users/handtrix/Development/vite-validate-env/src/index.ts": {"path":"/Users/handtrix/Development/vite-validate-env/src/index.ts","statementMap":{"0":{"start":{"line":7,"column":2},"end":{"line":34,"column":null}},"1":{"start":{"line":11,"column":21},"end":{"line":11,"column":74}},"2":{"start":{"line":12,"column":12},"end":{"line":12,"column":46}},"3":{"start":{"line":14,"column":21},"end":{"line":14,"column":63}},"4":{"start":{"line":16,"column":6},"end":{"line":31,"column":null}},"5":{"start":{"line":17,"column":8},"end":{"line":19,"column":null}},"6":{"start":{"line":21,"column":8},"end":{"line":27,"column":null}},"7":{"start":{"line":22,"column":23},"end":{"line":26,"column":null}},"8":{"start":{"line":24,"column":29},"end":{"line":24,"column":64}},"9":{"start":{"line":27,"column":10},"end":{"line":27,"column":null}},"10":{"start":{"line":30,"column":8},"end":{"line":30,"column":null}},"11":{"start":{"line":31,"column":8},"end":{"line":31,"column":null}}},"fnMap":{"0":{"name":"validateEnv","decl":{"start":{"line":4,"column":16},"end":{"line":4,"column":null}},"loc":{"start":{"line":6,"column":21},"end":{"line":34,"column":null}},"line":6},"1":{"name":"(anonymous_1)","decl":{"start":{"line":9,"column":10},"end":{"line":9,"column":17}},"loc":{"start":{"line":9,"column":39},"end":{"line":31,"column":null}},"line":9},"2":{"name":"(anonymous_2)","decl":{"start":{"line":24,"column":17},"end":{"line":24,"column":22}},"loc":{"start":{"line":24,"column":29},"end":{"line":24,"column":64}},"line":24}},"branchMap":{"0":{"loc":{"start":{"line":11,"column":21},"end":{"line":11,"column":74}},"type":"binary-expr","locations":[{"start":{"line":11,"column":21},"end":{"line":11,"column":42}},{"start":{"line":11,"column":42},"end":{"line":11,"column":61}},{"start":{"line":11,"column":61},"end":{"line":11,"column":74}}],"line":11},"1":{"loc":{"start":{"line":16,"column":6},"end":{"line":31,"column":null}},"type":"if","locations":[{"start":{"line":16,"column":6},"end":{"line":31,"column":null}},{"start":{},"end":{}}],"line":16},"2":{"loc":{"start":{"line":22,"column":23},"end":{"line":26,"column":null}},"type":"cond-expr","locations":[{"start":{"line":23,"column":14},"end":{"line":25,"column":26}},{"start":{"line":26,"column":14},"end":{"line":26,"column":null}}],"line":22},"3":{"loc":{"start":{"line":24,"column":29},"end":{"line":24,"column":64}},"type":"cond-expr","locations":[{"start":{"line":24,"column":53},"end":{"line":24,"column":61}},{"start":{"line":24,"column":61},"end":{"line":24,"column":64}}],"line":24}},"s":{"0":4,"1":5,"2":5,"3":5,"4":5,"5":1,"6":1,"7":3,"8":2,"9":3,"10":1,"11":1},"f":{"0":4,"1":5,"2":2},"b":{"0":[5,4,3],"1":[1,4],"2":[2,1],"3":[1,1]},"meta":{"lastBranch":4,"lastFunction":3,"lastStatement":12,"seen":{"f:4:16:4:Infinity":0,"s:7:2:34:Infinity":0,"f:9:10:9:17":1,"s:11:21:11:74":1,"b:11:21:11:42:11:42:11:61:11:61:11:74":0,"s:12:12:12:46":2,"s:14:21:14:63":3,"b:16:6:31:Infinity:undefined:undefined:undefined:undefined":1,"s:16:6:31:Infinity":4,"s:17:8:19:Infinity":5,"s:21:8:27:Infinity":6,"s:22:23:26:Infinity":7,"b:23:14:25:26:26:14:26:Infinity":2,"f:24:17:24:22":2,"s:24:29:24:64":8,"b:24:53:24:61:24:61:24:64":3,"s:27:10:27:Infinity":9,"s:30:8:30:Infinity":10,"s:31:8:31:Infinity":11}}}
}
